2024-09-12 13:21:26,582 DEBUG    root            Loaded Command Group: ['gcloud', 'components']
2024-09-12 13:21:26,586 DEBUG    root            Loaded Command Group: ['gcloud', 'components', 'update']
2024-09-12 13:21:26,589 DEBUG    root            Running [gcloud.components.update] with arguments: [--compile-python: "True", --quiet: "True", COMPONENT-IDS:6: "['core', 'gcloud-deps', 'bq', 'gcloud', 'gcloud-crc32c', 'gsutil']"]
2024-09-12 13:21:26,590 INFO     ___FILE_ONLY___ Beginning update. This process may take several minutes.

2024-09-12 13:21:26,623 DEBUG    urllib3.connectionpool Starting new HTTPS connection (1): dl.google.com:443
2024-09-12 13:21:26,697 DEBUG    urllib3.connectionpool https://dl.google.com:443 "GET /dl/cloudsdk/channels/rapid/components-2.json HTTP/1.1" 200 227002
2024-09-12 13:21:26,715 INFO     ___FILE_ONLY___ 

2024-09-12 13:21:26,716 INFO     ___FILE_ONLY___ 
Your current Google Cloud CLI version is: 492.0.0

2024-09-12 13:21:26,716 INFO     ___FILE_ONLY___ Installing components from version: 492.0.0

2024-09-12 13:21:26,716 INFO     ___FILE_ONLY___ 

2024-09-12 13:21:26,716 DEBUG    root            Chosen display Format:table[box,title="These components will be removed."](details.display_name:label=Name:align=left,version.version_string:label=Version:align=right,data.size.size(zero="",min=1048576):label=Size:align=right)
2024-09-12 13:21:26,717 DEBUG    root            Chosen display Format:table[box,title="These components will be updated."](details.display_name:label=Name:align=left,version.version_string:label=Version:align=right,data.size.size(zero="",min=1048576):label=Size:align=right)
2024-09-12 13:21:26,718 DEBUG    root            Chosen display Format:table[box,title="These components will be installed."](details.display_name:label=Name:align=left,version.version_string:label=Version:align=right,data.size.size(zero="",min=1048576):label=Size:align=right)
2024-09-12 13:21:26,764 INFO     ___FILE_ONLY___ ┌─────────────────────────────────────────────────────────────────────────────┐
2024-09-12 13:21:26,764 INFO     ___FILE_ONLY___ 

2024-09-12 13:21:26,764 INFO     ___FILE_ONLY___ │                     These components will be installed.                     │
2024-09-12 13:21:26,764 INFO     ___FILE_ONLY___ 

2024-09-12 13:21:26,765 INFO     ___FILE_ONLY___ ├─────────────────────────────────────────────────────┬────────────┬──────────┤
2024-09-12 13:21:26,765 INFO     ___FILE_ONLY___ 

2024-09-12 13:21:26,765 INFO     ___FILE_ONLY___ │                         Name                        │  Version   │   Size   │
2024-09-12 13:21:26,765 INFO     ___FILE_ONLY___ 

2024-09-12 13:21:26,765 INFO     ___FILE_ONLY___ ├─────────────────────────────────────────────────────┼────────────┼──────────┤
2024-09-12 13:21:26,765 INFO     ___FILE_ONLY___ 

2024-09-12 13:21:26,765 INFO     ___FILE_ONLY___ │ 
2024-09-12 13:21:26,765 INFO     ___FILE_ONLY___ BigQuery Command Line Tool                         
2024-09-12 13:21:26,765 INFO     ___FILE_ONLY___  
2024-09-12 13:21:26,765 INFO     ___FILE_ONLY___ │ 
2024-09-12 13:21:26,765 INFO     ___FILE_ONLY___      2.1.8
2024-09-12 13:21:26,765 INFO     ___FILE_ONLY___  
2024-09-12 13:21:26,766 INFO     ___FILE_ONLY___ │ 
2024-09-12 13:21:26,766 INFO     ___FILE_ONLY___  1.7 MiB
2024-09-12 13:21:26,766 INFO     ___FILE_ONLY___  
2024-09-12 13:21:26,766 INFO     ___FILE_ONLY___ │
2024-09-12 13:21:26,766 INFO     ___FILE_ONLY___ 

2024-09-12 13:21:26,766 INFO     ___FILE_ONLY___ │ 
2024-09-12 13:21:26,766 INFO     ___FILE_ONLY___ BigQuery Command Line Tool (Platform Specific)     
2024-09-12 13:21:26,766 INFO     ___FILE_ONLY___  
2024-09-12 13:21:26,766 INFO     ___FILE_ONLY___ │ 
2024-09-12 13:21:26,766 INFO     ___FILE_ONLY___      2.1.8
2024-09-12 13:21:26,767 INFO     ___FILE_ONLY___  
2024-09-12 13:21:26,767 INFO     ___FILE_ONLY___ │ 
2024-09-12 13:21:26,767 INFO     ___FILE_ONLY___  < 1 MiB
2024-09-12 13:21:26,767 INFO     ___FILE_ONLY___  
2024-09-12 13:21:26,767 INFO     ___FILE_ONLY___ │
2024-09-12 13:21:26,767 INFO     ___FILE_ONLY___ 

2024-09-12 13:21:26,767 INFO     ___FILE_ONLY___ │ 
2024-09-12 13:21:26,767 INFO     ___FILE_ONLY___ Bundled Python 3.11 (Platform Specific)            
2024-09-12 13:21:26,767 INFO     ___FILE_ONLY___  
2024-09-12 13:21:26,767 INFO     ___FILE_ONLY___ │ 
2024-09-12 13:21:26,767 INFO     ___FILE_ONLY___     3.11.9
2024-09-12 13:21:26,768 INFO     ___FILE_ONLY___  
2024-09-12 13:21:26,768 INFO     ___FILE_ONLY___ │ 
2024-09-12 13:21:26,768 INFO     ___FILE_ONLY___ 74.2 MiB
2024-09-12 13:21:26,768 INFO     ___FILE_ONLY___  
2024-09-12 13:21:26,768 INFO     ___FILE_ONLY___ │
2024-09-12 13:21:26,768 INFO     ___FILE_ONLY___ 

2024-09-12 13:21:26,768 INFO     ___FILE_ONLY___ │ 
2024-09-12 13:21:26,768 INFO     ___FILE_ONLY___ Cloud Storage Command Line Tool                    
2024-09-12 13:21:26,768 INFO     ___FILE_ONLY___  
2024-09-12 13:21:26,768 INFO     ___FILE_ONLY___ │ 
2024-09-12 13:21:26,768 INFO     ___FILE_ONLY___       5.30
2024-09-12 13:21:26,768 INFO     ___FILE_ONLY___  
2024-09-12 13:21:26,768 INFO     ___FILE_ONLY___ │ 
2024-09-12 13:21:26,768 INFO     ___FILE_ONLY___ 11.3 MiB
2024-09-12 13:21:26,768 INFO     ___FILE_ONLY___  
2024-09-12 13:21:26,769 INFO     ___FILE_ONLY___ │
2024-09-12 13:21:26,769 INFO     ___FILE_ONLY___ 

2024-09-12 13:21:26,769 INFO     ___FILE_ONLY___ │ 
2024-09-12 13:21:26,769 INFO     ___FILE_ONLY___ Cloud Storage Command Line Tool (Platform Specific)
2024-09-12 13:21:26,769 INFO     ___FILE_ONLY___  
2024-09-12 13:21:26,769 INFO     ___FILE_ONLY___ │ 
2024-09-12 13:21:26,769 INFO     ___FILE_ONLY___       5.30
2024-09-12 13:21:26,769 INFO     ___FILE_ONLY___  
2024-09-12 13:21:26,769 INFO     ___FILE_ONLY___ │ 
2024-09-12 13:21:26,769 INFO     ___FILE_ONLY___  < 1 MiB
2024-09-12 13:21:26,769 INFO     ___FILE_ONLY___  
2024-09-12 13:21:26,769 INFO     ___FILE_ONLY___ │
2024-09-12 13:21:26,769 INFO     ___FILE_ONLY___ 

2024-09-12 13:21:26,770 INFO     ___FILE_ONLY___ │ 
2024-09-12 13:21:26,770 INFO     ___FILE_ONLY___ Google Cloud CLI Core Libraries (Platform Specific)
2024-09-12 13:21:26,770 INFO     ___FILE_ONLY___  
2024-09-12 13:21:26,770 INFO     ___FILE_ONLY___ │ 
2024-09-12 13:21:26,770 INFO     ___FILE_ONLY___ 2024.08.30
2024-09-12 13:21:26,770 INFO     ___FILE_ONLY___  
2024-09-12 13:21:26,770 INFO     ___FILE_ONLY___ │ 
2024-09-12 13:21:26,770 INFO     ___FILE_ONLY___  < 1 MiB
2024-09-12 13:21:26,770 INFO     ___FILE_ONLY___  
2024-09-12 13:21:26,770 INFO     ___FILE_ONLY___ │
2024-09-12 13:21:26,770 INFO     ___FILE_ONLY___ 

2024-09-12 13:21:26,770 INFO     ___FILE_ONLY___ │ 
2024-09-12 13:21:26,770 INFO     ___FILE_ONLY___ Google Cloud CRC32C Hash Tool (Platform Specific)  
2024-09-12 13:21:26,770 INFO     ___FILE_ONLY___  
2024-09-12 13:21:26,771 INFO     ___FILE_ONLY___ │ 
2024-09-12 13:21:26,771 INFO     ___FILE_ONLY___      1.0.0
2024-09-12 13:21:26,771 INFO     ___FILE_ONLY___  
2024-09-12 13:21:26,771 INFO     ___FILE_ONLY___ │ 
2024-09-12 13:21:26,771 INFO     ___FILE_ONLY___  1.3 MiB
2024-09-12 13:21:26,771 INFO     ___FILE_ONLY___  
2024-09-12 13:21:26,771 INFO     ___FILE_ONLY___ │
2024-09-12 13:21:26,771 INFO     ___FILE_ONLY___ 

2024-09-12 13:21:26,771 INFO     ___FILE_ONLY___ │ 
2024-09-12 13:21:26,771 INFO     ___FILE_ONLY___ gcloud cli dependencies (Platform Specific)        
2024-09-12 13:21:26,771 INFO     ___FILE_ONLY___  
2024-09-12 13:21:26,771 INFO     ___FILE_ONLY___ │ 
2024-09-12 13:21:26,771 INFO     ___FILE_ONLY___ 2021.04.16
2024-09-12 13:21:26,771 INFO     ___FILE_ONLY___  
2024-09-12 13:21:26,772 INFO     ___FILE_ONLY___ │ 
2024-09-12 13:21:26,772 INFO     ___FILE_ONLY___  < 1 MiB
2024-09-12 13:21:26,772 INFO     ___FILE_ONLY___  
2024-09-12 13:21:26,772 INFO     ___FILE_ONLY___ │
2024-09-12 13:21:26,772 INFO     ___FILE_ONLY___ 

2024-09-12 13:21:26,772 INFO     ___FILE_ONLY___ └─────────────────────────────────────────────────────┴────────────┴──────────┘
2024-09-12 13:21:26,772 INFO     ___FILE_ONLY___ 

2024-09-12 13:21:26,772 INFO     ___FILE_ONLY___ 

2024-09-12 13:21:26,776 DEBUG    urllib3.connectionpool Starting new HTTPS connection (1): dl.google.com:443
2024-09-12 13:21:26,852 DEBUG    urllib3.connectionpool https://dl.google.com:443 "GET /dl/cloudsdk/channels/rapid/RELEASE_NOTES HTTP/1.1" 200 1268805
2024-09-12 13:21:26,979 INFO     ___FILE_ONLY___ For the latest full release notes, please visit:
  https://cloud.google.com/sdk/release_notes


2024-09-12 13:21:26,980 INFO     ___FILE_ONLY___ Performing in place update...


2024-09-12 13:21:26,982 INFO     ___FILE_ONLY___ ╔════════════════════════════════════════════════════════════╗

2024-09-12 13:21:26,982 INFO     ___FILE_ONLY___ ╠═ Downloading: BigQuery Command Line Tool                  ═╣

2024-09-12 13:21:26,982 INFO     ___FILE_ONLY___ ╚
2024-09-12 13:21:26,986 DEBUG    urllib3.connectionpool Starting new HTTPS connection (1): dl.google.com:443
2024-09-12 13:21:27,075 DEBUG    urllib3.connectionpool https://dl.google.com:443 "GET /dl/cloudsdk/channels/rapid/components/google-cloud-sdk-bq-20240816183020.tar.gz HTTP/1.1" 200 1818208
2024-09-12 13:21:27,147 INFO     ___FILE_ONLY___ ═
2024-09-12 13:21:27,147 INFO     ___FILE_ONLY___ ═
2024-09-12 13:21:27,147 INFO     ___FILE_ONLY___ ═
2024-09-12 13:21:27,148 INFO     ___FILE_ONLY___ ═
2024-09-12 13:21:27,148 INFO     ___FILE_ONLY___ ═
2024-09-12 13:21:27,148 INFO     ___FILE_ONLY___ ═
2024-09-12 13:21:27,148 INFO     ___FILE_ONLY___ ═
2024-09-12 13:21:27,148 INFO     ___FILE_ONLY___ ═
2024-09-12 13:21:27,148 INFO     ___FILE_ONLY___ ═
2024-09-12 13:21:27,148 INFO     ___FILE_ONLY___ ═
2024-09-12 13:21:27,148 INFO     ___FILE_ONLY___ ═
2024-09-12 13:21:27,149 INFO     ___FILE_ONLY___ ═
2024-09-12 13:21:27,149 INFO     ___FILE_ONLY___ ═
2024-09-12 13:21:27,149 INFO     ___FILE_ONLY___ ═
2024-09-12 13:21:27,149 INFO     ___FILE_ONLY___ ═
2024-09-12 13:21:27,149 INFO     ___FILE_ONLY___ ═
2024-09-12 13:21:27,149 INFO     ___FILE_ONLY___ ═
2024-09-12 13:21:27,149 INFO     ___FILE_ONLY___ ═
2024-09-12 13:21:27,149 INFO     ___FILE_ONLY___ ═
2024-09-12 13:21:27,150 INFO     ___FILE_ONLY___ ═
2024-09-12 13:21:27,150 INFO     ___FILE_ONLY___ ═
2024-09-12 13:21:27,150 INFO     ___FILE_ONLY___ ═
2024-09-12 13:21:27,150 INFO     ___FILE_ONLY___ ═
2024-09-12 13:21:27,150 INFO     ___FILE_ONLY___ ═
2024-09-12 13:21:27,150 INFO     ___FILE_ONLY___ ═
2024-09-12 13:21:27,150 INFO     ___FILE_ONLY___ ═
2024-09-12 13:21:27,150 INFO     ___FILE_ONLY___ ═
2024-09-12 13:21:27,150 INFO     ___FILE_ONLY___ ═
2024-09-12 13:21:27,151 INFO     ___FILE_ONLY___ ═
2024-09-12 13:21:27,151 INFO     ___FILE_ONLY___ ═
2024-09-12 13:21:27,151 INFO     ___FILE_ONLY___ ═
2024-09-12 13:21:27,151 INFO     ___FILE_ONLY___ ═
2024-09-12 13:21:27,151 INFO     ___FILE_ONLY___ ═
2024-09-12 13:21:27,151 INFO     ___FILE_ONLY___ ═
2024-09-12 13:21:27,151 INFO     ___FILE_ONLY___ ═
2024-09-12 13:21:27,151 INFO     ___FILE_ONLY___ ═
2024-09-12 13:21:27,152 INFO     ___FILE_ONLY___ ═
2024-09-12 13:21:27,152 INFO     ___FILE_ONLY___ ═
2024-09-12 13:21:27,152 INFO     ___FILE_ONLY___ ═
2024-09-12 13:21:27,152 INFO     ___FILE_ONLY___ ═
2024-09-12 13:21:27,152 INFO     ___FILE_ONLY___ ═
2024-09-12 13:21:27,152 INFO     ___FILE_ONLY___ ═
2024-09-12 13:21:27,152 INFO     ___FILE_ONLY___ ═
2024-09-12 13:21:27,152 INFO     ___FILE_ONLY___ ═
2024-09-12 13:21:27,152 INFO     ___FILE_ONLY___ ═
2024-09-12 13:21:27,153 INFO     ___FILE_ONLY___ ═
2024-09-12 13:21:27,153 INFO     ___FILE_ONLY___ ═
2024-09-12 13:21:27,153 INFO     ___FILE_ONLY___ ═
2024-09-12 13:21:27,153 INFO     ___FILE_ONLY___ ═
2024-09-12 13:21:27,153 INFO     ___FILE_ONLY___ ═
2024-09-12 13:21:27,153 INFO     ___FILE_ONLY___ ═
2024-09-12 13:21:27,153 INFO     ___FILE_ONLY___ ═
2024-09-12 13:21:27,153 INFO     ___FILE_ONLY___ ═
2024-09-12 13:21:27,153 INFO     ___FILE_ONLY___ ═
2024-09-12 13:21:27,154 INFO     ___FILE_ONLY___ ═
2024-09-12 13:21:27,154 INFO     ___FILE_ONLY___ ═
2024-09-12 13:21:27,154 INFO     ___FILE_ONLY___ ═
2024-09-12 13:21:27,154 INFO     ___FILE_ONLY___ ═
2024-09-12 13:21:27,154 INFO     ___FILE_ONLY___ ═
2024-09-12 13:21:27,154 INFO     ___FILE_ONLY___ ═
2024-09-12 13:21:27,154 INFO     ___FILE_ONLY___ ╝

2024-09-12 13:21:27,156 INFO     ___FILE_ONLY___ ╔════════════════════════════════════════════════════════════╗

2024-09-12 13:21:27,157 INFO     ___FILE_ONLY___ ╠═ Downloading: BigQuery Command Line Tool (Platform Spe... ═╣

2024-09-12 13:21:27,157 INFO     ___FILE_ONLY___ ╚
2024-09-12 13:21:27,160 DEBUG    urllib3.connectionpool Starting new HTTPS connection (1): dl.google.com:443
2024-09-12 13:21:27,288 DEBUG    urllib3.connectionpool https://dl.google.com:443 "GET /dl/cloudsdk/channels/rapid/components/google-cloud-sdk-bq-nix-20240830134514.tar.gz HTTP/1.1" 200 1914
2024-09-12 13:21:27,289 INFO     ___FILE_ONLY___ ════════════════════════════════════════════════════════════
2024-09-12 13:21:27,289 INFO     ___FILE_ONLY___ ╝

2024-09-12 13:21:27,292 INFO     ___FILE_ONLY___ ╔════════════════════════════════════════════════════════════╗

2024-09-12 13:21:27,292 INFO     ___FILE_ONLY___ ╠═ Downloading: Bundled Python 3.11                         ═╣

2024-09-12 13:21:27,292 INFO     ___FILE_ONLY___ ╚
2024-09-12 13:21:27,292 INFO     ___FILE_ONLY___ ════════════════════════════════════════════════════════════
2024-09-12 13:21:27,292 INFO     ___FILE_ONLY___ ╝

2024-09-12 13:21:27,294 INFO     ___FILE_ONLY___ ╔════════════════════════════════════════════════════════════╗

2024-09-12 13:21:27,294 INFO     ___FILE_ONLY___ ╠═ Downloading: Bundled Python 3.11 (Platform Specific)     ═╣

2024-09-12 13:21:27,294 INFO     ___FILE_ONLY___ ╚
2024-09-12 13:21:27,298 DEBUG    urllib3.connectionpool Starting new HTTPS connection (1): dl.google.com:443
2024-09-12 13:21:27,482 DEBUG    urllib3.connectionpool https://dl.google.com:443 "GET /dl/cloudsdk/channels/rapid/components/google-cloud-sdk-bundled-python3-unix-linux-x86_64-20240806142304.tar.gz HTTP/1.1" 200 77768547
2024-09-12 13:21:29,510 INFO     ___FILE_ONLY___ ═
2024-09-12 13:21:29,512 INFO     ___FILE_ONLY___ ═
2024-09-12 13:21:29,514 INFO     ___FILE_ONLY___ ═
2024-09-12 13:21:29,516 INFO     ___FILE_ONLY___ ═
2024-09-12 13:21:29,518 INFO     ___FILE_ONLY___ ═
2024-09-12 13:21:29,521 INFO     ___FILE_ONLY___ ═
2024-09-12 13:21:29,522 INFO     ___FILE_ONLY___ ═
2024-09-12 13:21:29,524 INFO     ___FILE_ONLY___ ═
2024-09-12 13:21:29,526 INFO     ___FILE_ONLY___ ═
2024-09-12 13:21:29,528 INFO     ___FILE_ONLY___ ═
2024-09-12 13:21:29,530 INFO     ___FILE_ONLY___ ═
2024-09-12 13:21:29,532 INFO     ___FILE_ONLY___ ═
2024-09-12 13:21:29,533 INFO     ___FILE_ONLY___ ═
2024-09-12 13:21:29,535 INFO     ___FILE_ONLY___ ═
2024-09-12 13:21:29,537 INFO     ___FILE_ONLY___ ═
2024-09-12 13:21:29,539 INFO     ___FILE_ONLY___ ═
2024-09-12 13:21:29,540 INFO     ___FILE_ONLY___ ═
2024-09-12 13:21:29,542 INFO     ___FILE_ONLY___ ═
2024-09-12 13:21:29,544 INFO     ___FILE_ONLY___ ═
2024-09-12 13:21:29,546 INFO     ___FILE_ONLY___ ═
2024-09-12 13:21:29,547 INFO     ___FILE_ONLY___ ═
2024-09-12 13:21:29,549 INFO     ___FILE_ONLY___ ═
2024-09-12 13:21:29,551 INFO     ___FILE_ONLY___ ═
2024-09-12 13:21:29,553 INFO     ___FILE_ONLY___ ═
2024-09-12 13:21:29,555 INFO     ___FILE_ONLY___ ═
2024-09-12 13:21:29,556 INFO     ___FILE_ONLY___ ═
2024-09-12 13:21:29,558 INFO     ___FILE_ONLY___ ═
2024-09-12 13:21:29,560 INFO     ___FILE_ONLY___ ═
2024-09-12 13:21:29,562 INFO     ___FILE_ONLY___ ═
2024-09-12 13:21:29,563 INFO     ___FILE_ONLY___ ═
2024-09-12 13:21:29,565 INFO     ___FILE_ONLY___ ═
2024-09-12 13:21:29,567 INFO     ___FILE_ONLY___ ═
2024-09-12 13:21:29,569 INFO     ___FILE_ONLY___ ═
2024-09-12 13:21:29,570 INFO     ___FILE_ONLY___ ═
2024-09-12 13:21:29,572 INFO     ___FILE_ONLY___ ═
2024-09-12 13:21:29,574 INFO     ___FILE_ONLY___ ═
2024-09-12 13:21:29,575 INFO     ___FILE_ONLY___ ═
2024-09-12 13:21:29,577 INFO     ___FILE_ONLY___ ═
2024-09-12 13:21:29,579 INFO     ___FILE_ONLY___ ═
2024-09-12 13:21:29,581 INFO     ___FILE_ONLY___ ═
2024-09-12 13:21:29,582 INFO     ___FILE_ONLY___ ═
2024-09-12 13:21:29,584 INFO     ___FILE_ONLY___ ═
2024-09-12 13:21:29,586 INFO     ___FILE_ONLY___ ═
2024-09-12 13:21:29,587 INFO     ___FILE_ONLY___ ═
2024-09-12 13:21:29,589 INFO     ___FILE_ONLY___ ═
2024-09-12 13:21:29,592 INFO     ___FILE_ONLY___ ═
2024-09-12 13:21:29,593 INFO     ___FILE_ONLY___ ═
2024-09-12 13:21:29,595 INFO     ___FILE_ONLY___ ═
2024-09-12 13:21:29,597 INFO     ___FILE_ONLY___ ═
2024-09-12 13:21:29,598 INFO     ___FILE_ONLY___ ═
2024-09-12 13:21:29,600 INFO     ___FILE_ONLY___ ═
2024-09-12 13:21:29,602 INFO     ___FILE_ONLY___ ═
2024-09-12 13:21:29,604 INFO     ___FILE_ONLY___ ═
2024-09-12 13:21:29,606 INFO     ___FILE_ONLY___ ═
2024-09-12 13:21:29,607 INFO     ___FILE_ONLY___ ═
2024-09-12 13:21:29,609 INFO     ___FILE_ONLY___ ═
2024-09-12 13:21:29,611 INFO     ___FILE_ONLY___ ═
2024-09-12 13:21:29,612 INFO     ___FILE_ONLY___ ═
2024-09-12 13:21:29,614 INFO     ___FILE_ONLY___ ═
2024-09-12 13:21:29,616 INFO     ___FILE_ONLY___ ═
2024-09-12 13:21:29,616 INFO     ___FILE_ONLY___ ╝

2024-09-12 13:21:29,619 INFO     ___FILE_ONLY___ ╔════════════════════════════════════════════════════════════╗

2024-09-12 13:21:29,619 INFO     ___FILE_ONLY___ ╠═ Downloading: Cloud Storage Command Line Tool             ═╣

2024-09-12 13:21:29,619 INFO     ___FILE_ONLY___ ╚
2024-09-12 13:21:29,628 DEBUG    urllib3.connectionpool Starting new HTTPS connection (1): dl.google.com:443
2024-09-12 13:21:29,782 DEBUG    urllib3.connectionpool https://dl.google.com:443 "GET /dl/cloudsdk/channels/rapid/components/google-cloud-sdk-gsutil-20240614142823.tar.gz HTTP/1.1" 200 11883175
2024-09-12 13:21:30,050 INFO     ___FILE_ONLY___ ═
2024-09-12 13:21:30,051 INFO     ___FILE_ONLY___ ═
2024-09-12 13:21:30,051 INFO     ___FILE_ONLY___ ═
2024-09-12 13:21:30,051 INFO     ___FILE_ONLY___ ═
2024-09-12 13:21:30,052 INFO     ___FILE_ONLY___ ═
2024-09-12 13:21:30,052 INFO     ___FILE_ONLY___ ═
2024-09-12 13:21:30,052 INFO     ___FILE_ONLY___ ═
2024-09-12 13:21:30,053 INFO     ___FILE_ONLY___ ═
2024-09-12 13:21:30,053 INFO     ___FILE_ONLY___ ═
2024-09-12 13:21:30,053 INFO     ___FILE_ONLY___ ═
2024-09-12 13:21:30,054 INFO     ___FILE_ONLY___ ═
2024-09-12 13:21:30,054 INFO     ___FILE_ONLY___ ═
2024-09-12 13:21:30,054 INFO     ___FILE_ONLY___ ═
2024-09-12 13:21:30,055 INFO     ___FILE_ONLY___ ═
2024-09-12 13:21:30,055 INFO     ___FILE_ONLY___ ═
2024-09-12 13:21:30,055 INFO     ___FILE_ONLY___ ═
2024-09-12 13:21:30,056 INFO     ___FILE_ONLY___ ═
2024-09-12 13:21:30,056 INFO     ___FILE_ONLY___ ═
2024-09-12 13:21:30,056 INFO     ___FILE_ONLY___ ═
2024-09-12 13:21:30,057 INFO     ___FILE_ONLY___ ═
2024-09-12 13:21:30,057 INFO     ___FILE_ONLY___ ═
2024-09-12 13:21:30,057 INFO     ___FILE_ONLY___ ═
2024-09-12 13:21:30,058 INFO     ___FILE_ONLY___ ═
2024-09-12 13:21:30,058 INFO     ___FILE_ONLY___ ═
2024-09-12 13:21:30,058 INFO     ___FILE_ONLY___ ═
2024-09-12 13:21:30,059 INFO     ___FILE_ONLY___ ═
2024-09-12 13:21:30,059 INFO     ___FILE_ONLY___ ═
2024-09-12 13:21:30,059 INFO     ___FILE_ONLY___ ═
2024-09-12 13:21:30,060 INFO     ___FILE_ONLY___ ═
2024-09-12 13:21:30,060 INFO     ___FILE_ONLY___ ═
2024-09-12 13:21:30,060 INFO     ___FILE_ONLY___ ═
2024-09-12 13:21:30,061 INFO     ___FILE_ONLY___ ═
2024-09-12 13:21:30,061 INFO     ___FILE_ONLY___ ═
2024-09-12 13:21:30,061 INFO     ___FILE_ONLY___ ═
2024-09-12 13:21:30,062 INFO     ___FILE_ONLY___ ═
2024-09-12 13:21:30,062 INFO     ___FILE_ONLY___ ═
2024-09-12 13:21:30,062 INFO     ___FILE_ONLY___ ═
2024-09-12 13:21:30,063 INFO     ___FILE_ONLY___ ═
2024-09-12 13:21:30,063 INFO     ___FILE_ONLY___ ═
2024-09-12 13:21:30,063 INFO     ___FILE_ONLY___ ═
2024-09-12 13:21:30,064 INFO     ___FILE_ONLY___ ═
2024-09-12 13:21:30,064 INFO     ___FILE_ONLY___ ═
2024-09-12 13:21:30,064 INFO     ___FILE_ONLY___ ═
2024-09-12 13:21:30,065 INFO     ___FILE_ONLY___ ═
2024-09-12 13:21:30,065 INFO     ___FILE_ONLY___ ═
2024-09-12 13:21:30,065 INFO     ___FILE_ONLY___ ═
2024-09-12 13:21:30,066 INFO     ___FILE_ONLY___ ═
2024-09-12 13:21:30,066 INFO     ___FILE_ONLY___ ═
2024-09-12 13:21:30,066 INFO     ___FILE_ONLY___ ═
2024-09-12 13:21:30,067 INFO     ___FILE_ONLY___ ═
2024-09-12 13:21:30,067 INFO     ___FILE_ONLY___ ═
2024-09-12 13:21:30,067 INFO     ___FILE_ONLY___ ═
2024-09-12 13:21:30,068 INFO     ___FILE_ONLY___ ═
2024-09-12 13:21:30,068 INFO     ___FILE_ONLY___ ═
2024-09-12 13:21:30,068 INFO     ___FILE_ONLY___ ═
2024-09-12 13:21:30,069 INFO     ___FILE_ONLY___ ═
2024-09-12 13:21:30,069 INFO     ___FILE_ONLY___ ═
2024-09-12 13:21:30,069 INFO     ___FILE_ONLY___ ═
2024-09-12 13:21:30,070 INFO     ___FILE_ONLY___ ═
2024-09-12 13:21:30,070 INFO     ___FILE_ONLY___ ═
2024-09-12 13:21:30,070 INFO     ___FILE_ONLY___ ╝

2024-09-12 13:21:30,073 INFO     ___FILE_ONLY___ ╔════════════════════════════════════════════════════════════╗

2024-09-12 13:21:30,073 INFO     ___FILE_ONLY___ ╠═ Downloading: Cloud Storage Command Line Tool (Platfor... ═╣

2024-09-12 13:21:30,073 INFO     ___FILE_ONLY___ ╚
2024-09-12 13:21:30,076 DEBUG    urllib3.connectionpool Starting new HTTPS connection (1): dl.google.com:443
2024-09-12 13:21:30,149 DEBUG    urllib3.connectionpool https://dl.google.com:443 "GET /dl/cloudsdk/channels/rapid/components/google-cloud-sdk-gsutil-nix-20240830134514.tar.gz HTTP/1.1" 200 1928
2024-09-12 13:21:30,150 INFO     ___FILE_ONLY___ ════════════════════════════════════════════════════════════
2024-09-12 13:21:30,150 INFO     ___FILE_ONLY___ ╝

2024-09-12 13:21:30,152 INFO     ___FILE_ONLY___ ╔════════════════════════════════════════════════════════════╗

2024-09-12 13:21:30,153 INFO     ___FILE_ONLY___ ╠═ Downloading: Default set of gcloud commands              ═╣

2024-09-12 13:21:30,153 INFO     ___FILE_ONLY___ ╚
2024-09-12 13:21:30,153 INFO     ___FILE_ONLY___ ════════════════════════════════════════════════════════════
2024-09-12 13:21:30,153 INFO     ___FILE_ONLY___ ╝

2024-09-12 13:21:30,155 INFO     ___FILE_ONLY___ ╔════════════════════════════════════════════════════════════╗

2024-09-12 13:21:30,155 INFO     ___FILE_ONLY___ ╠═ Downloading: Google Cloud CLI Core Libraries (Platfor... ═╣

2024-09-12 13:21:30,155 INFO     ___FILE_ONLY___ ╚
2024-09-12 13:21:30,159 DEBUG    urllib3.connectionpool Starting new HTTPS connection (1): dl.google.com:443
2024-09-12 13:21:30,233 DEBUG    urllib3.connectionpool https://dl.google.com:443 "GET /dl/cloudsdk/channels/rapid/components/google-cloud-sdk-core-nix-20240830134514.tar.gz HTTP/1.1" 200 2306
2024-09-12 13:21:30,234 INFO     ___FILE_ONLY___ ════════════════════════════════════════════════════════════
2024-09-12 13:21:30,234 INFO     ___FILE_ONLY___ ╝

2024-09-12 13:21:30,236 INFO     ___FILE_ONLY___ ╔════════════════════════════════════════════════════════════╗

2024-09-12 13:21:30,236 INFO     ___FILE_ONLY___ ╠═ Downloading: Google Cloud CRC32C Hash Tool               ═╣

2024-09-12 13:21:30,236 INFO     ___FILE_ONLY___ ╚
2024-09-12 13:21:30,236 INFO     ___FILE_ONLY___ ════════════════════════════════════════════════════════════
2024-09-12 13:21:30,237 INFO     ___FILE_ONLY___ ╝

2024-09-12 13:21:30,238 INFO     ___FILE_ONLY___ ╔════════════════════════════════════════════════════════════╗

2024-09-12 13:21:30,239 INFO     ___FILE_ONLY___ ╠═ Downloading: Google Cloud CRC32C Hash Tool (Platform ... ═╣

2024-09-12 13:21:30,239 INFO     ___FILE_ONLY___ ╚
2024-09-12 13:21:30,242 DEBUG    urllib3.connectionpool Starting new HTTPS connection (1): dl.google.com:443
2024-09-12 13:21:30,331 DEBUG    urllib3.connectionpool https://dl.google.com:443 "GET /dl/cloudsdk/channels/rapid/components/google-cloud-sdk-gcloud-crc32c-linux-x86_64-20240712142834.tar.gz HTTP/1.1" 200 1350263
2024-09-12 13:21:30,395 INFO     ___FILE_ONLY___ ═
2024-09-12 13:21:30,395 INFO     ___FILE_ONLY___ ═
2024-09-12 13:21:30,395 INFO     ___FILE_ONLY___ ═
2024-09-12 13:21:30,395 INFO     ___FILE_ONLY___ ═
2024-09-12 13:21:30,395 INFO     ___FILE_ONLY___ ═
2024-09-12 13:21:30,396 INFO     ___FILE_ONLY___ ═
2024-09-12 13:21:30,396 INFO     ___FILE_ONLY___ ═
2024-09-12 13:21:30,396 INFO     ___FILE_ONLY___ ═
2024-09-12 13:21:30,396 INFO     ___FILE_ONLY___ ═
2024-09-12 13:21:30,396 INFO     ___FILE_ONLY___ ═
2024-09-12 13:21:30,396 INFO     ___FILE_ONLY___ ═
2024-09-12 13:21:30,396 INFO     ___FILE_ONLY___ ═
2024-09-12 13:21:30,396 INFO     ___FILE_ONLY___ ═
2024-09-12 13:21:30,396 INFO     ___FILE_ONLY___ ═
2024-09-12 13:21:30,396 INFO     ___FILE_ONLY___ ═
2024-09-12 13:21:30,397 INFO     ___FILE_ONLY___ ═
2024-09-12 13:21:30,397 INFO     ___FILE_ONLY___ ═
2024-09-12 13:21:30,397 INFO     ___FILE_ONLY___ ═
2024-09-12 13:21:30,397 INFO     ___FILE_ONLY___ ═
2024-09-12 13:21:30,397 INFO     ___FILE_ONLY___ ═
2024-09-12 13:21:30,397 INFO     ___FILE_ONLY___ ═
2024-09-12 13:21:30,397 INFO     ___FILE_ONLY___ ═
2024-09-12 13:21:30,397 INFO     ___FILE_ONLY___ ═
2024-09-12 13:21:30,397 INFO     ___FILE_ONLY___ ═
2024-09-12 13:21:30,398 INFO     ___FILE_ONLY___ ═
2024-09-12 13:21:30,398 INFO     ___FILE_ONLY___ ═
2024-09-12 13:21:30,398 INFO     ___FILE_ONLY___ ═
2024-09-12 13:21:30,398 INFO     ___FILE_ONLY___ ═
2024-09-12 13:21:30,398 INFO     ___FILE_ONLY___ ═
2024-09-12 13:21:30,398 INFO     ___FILE_ONLY___ ═
2024-09-12 13:21:30,398 INFO     ___FILE_ONLY___ ═
2024-09-12 13:21:30,398 INFO     ___FILE_ONLY___ ═
2024-09-12 13:21:30,398 INFO     ___FILE_ONLY___ ═
2024-09-12 13:21:30,398 INFO     ___FILE_ONLY___ ═
2024-09-12 13:21:30,399 INFO     ___FILE_ONLY___ ═
2024-09-12 13:21:30,399 INFO     ___FILE_ONLY___ ═
2024-09-12 13:21:30,399 INFO     ___FILE_ONLY___ ═
2024-09-12 13:21:30,399 INFO     ___FILE_ONLY___ ═
2024-09-12 13:21:30,399 INFO     ___FILE_ONLY___ ═
2024-09-12 13:21:30,399 INFO     ___FILE_ONLY___ ═
2024-09-12 13:21:30,399 INFO     ___FILE_ONLY___ ═
2024-09-12 13:21:30,399 INFO     ___FILE_ONLY___ ═
2024-09-12 13:21:30,399 INFO     ___FILE_ONLY___ ═
2024-09-12 13:21:30,400 INFO     ___FILE_ONLY___ ═
2024-09-12 13:21:30,400 INFO     ___FILE_ONLY___ ═
2024-09-12 13:21:30,400 INFO     ___FILE_ONLY___ ═
2024-09-12 13:21:30,400 INFO     ___FILE_ONLY___ ═
2024-09-12 13:21:30,400 INFO     ___FILE_ONLY___ ═
2024-09-12 13:21:30,400 INFO     ___FILE_ONLY___ ═
2024-09-12 13:21:30,400 INFO     ___FILE_ONLY___ ═
2024-09-12 13:21:30,400 INFO     ___FILE_ONLY___ ═
2024-09-12 13:21:30,400 INFO     ___FILE_ONLY___ ═
2024-09-12 13:21:30,400 INFO     ___FILE_ONLY___ ═
2024-09-12 13:21:30,401 INFO     ___FILE_ONLY___ ═
2024-09-12 13:21:30,401 INFO     ___FILE_ONLY___ ═
2024-09-12 13:21:30,401 INFO     ___FILE_ONLY___ ═
2024-09-12 13:21:30,401 INFO     ___FILE_ONLY___ ═
2024-09-12 13:21:30,401 INFO     ___FILE_ONLY___ ═
2024-09-12 13:21:30,401 INFO     ___FILE_ONLY___ ═
2024-09-12 13:21:30,401 INFO     ___FILE_ONLY___ ═
2024-09-12 13:21:30,401 INFO     ___FILE_ONLY___ ╝

2024-09-12 13:21:30,403 INFO     ___FILE_ONLY___ ╔════════════════════════════════════════════════════════════╗

2024-09-12 13:21:30,404 INFO     ___FILE_ONLY___ ╠═ Downloading: gcloud cli dependencies (Platform Specific) ═╣

2024-09-12 13:21:30,404 INFO     ___FILE_ONLY___ ╚
2024-09-12 13:21:30,407 DEBUG    urllib3.connectionpool Starting new HTTPS connection (1): dl.google.com:443
2024-09-12 13:21:30,479 DEBUG    urllib3.connectionpool https://dl.google.com:443 "GET /dl/cloudsdk/channels/rapid/components/google-cloud-sdk-gcloud-deps-linux-x86_64-20210416153011.tar.gz HTTP/1.1" 200 104
2024-09-12 13:21:30,480 INFO     ___FILE_ONLY___ ════════════════════════════════════════════════════════════
2024-09-12 13:21:30,480 INFO     ___FILE_ONLY___ ╝

2024-09-12 13:21:30,482 INFO     ___FILE_ONLY___ ╔════════════════════════════════════════════════════════════╗

2024-09-12 13:21:30,483 INFO     ___FILE_ONLY___ ╠═ Installing: BigQuery Command Line Tool                   ═╣

2024-09-12 13:21:30,483 INFO     ___FILE_ONLY___ ╚
2024-09-12 13:21:30,620 INFO     ___FILE_ONLY___ ═
2024-09-12 13:21:30,623 INFO     ___FILE_ONLY___ ═
2024-09-12 13:21:30,626 INFO     ___FILE_ONLY___ ═
2024-09-12 13:21:30,629 INFO     ___FILE_ONLY___ ═
2024-09-12 13:21:30,632 INFO     ___FILE_ONLY___ ═
2024-09-12 13:21:30,634 INFO     ___FILE_ONLY___ ═
2024-09-12 13:21:30,637 INFO     ___FILE_ONLY___ ═
2024-09-12 13:21:30,640 INFO     ___FILE_ONLY___ ═
2024-09-12 13:21:30,642 INFO     ___FILE_ONLY___ ═
2024-09-12 13:21:30,644 INFO     ___FILE_ONLY___ ═
2024-09-12 13:21:30,646 INFO     ___FILE_ONLY___ ═
2024-09-12 13:21:30,649 INFO     ___FILE_ONLY___ ═
2024-09-12 13:21:30,652 INFO     ___FILE_ONLY___ ═
2024-09-12 13:21:30,654 INFO     ___FILE_ONLY___ ═
2024-09-12 13:21:30,657 INFO     ___FILE_ONLY___ ═
2024-09-12 13:21:30,659 INFO     ___FILE_ONLY___ ═
2024-09-12 13:21:30,664 INFO     ___FILE_ONLY___ ═
2024-09-12 13:21:30,668 INFO     ___FILE_ONLY___ ═
2024-09-12 13:21:30,671 INFO     ___FILE_ONLY___ ═
2024-09-12 13:21:30,673 INFO     ___FILE_ONLY___ ═
2024-09-12 13:21:30,676 INFO     ___FILE_ONLY___ ═
2024-09-12 13:21:30,678 INFO     ___FILE_ONLY___ ═
2024-09-12 13:21:30,680 INFO     ___FILE_ONLY___ ═
2024-09-12 13:21:30,682 INFO     ___FILE_ONLY___ ═
2024-09-12 13:21:30,684 INFO     ___FILE_ONLY___ ═
2024-09-12 13:21:30,687 INFO     ___FILE_ONLY___ ═
2024-09-12 13:21:30,689 INFO     ___FILE_ONLY___ ═
2024-09-12 13:21:30,693 INFO     ___FILE_ONLY___ ═
2024-09-12 13:21:30,697 INFO     ___FILE_ONLY___ ═
2024-09-12 13:21:30,699 INFO     ___FILE_ONLY___ ═
2024-09-12 13:21:30,702 INFO     ___FILE_ONLY___ ═
2024-09-12 13:21:30,704 INFO     ___FILE_ONLY___ ═
2024-09-12 13:21:30,707 INFO     ___FILE_ONLY___ ═
2024-09-12 13:21:30,712 INFO     ___FILE_ONLY___ ═
2024-09-12 13:21:30,720 INFO     ___FILE_ONLY___ ═
2024-09-12 13:21:30,722 INFO     ___FILE_ONLY___ ═
2024-09-12 13:21:30,725 INFO     ___FILE_ONLY___ ═
2024-09-12 13:21:30,730 INFO     ___FILE_ONLY___ ═
2024-09-12 13:21:30,733 INFO     ___FILE_ONLY___ ═
2024-09-12 13:21:30,735 INFO     ___FILE_ONLY___ ═
2024-09-12 13:21:30,738 INFO     ___FILE_ONLY___ ═
2024-09-12 13:21:30,741 INFO     ___FILE_ONLY___ ═
2024-09-12 13:21:30,745 INFO     ___FILE_ONLY___ ═
2024-09-12 13:21:30,747 INFO     ___FILE_ONLY___ ═
2024-09-12 13:21:30,750 INFO     ___FILE_ONLY___ ═
2024-09-12 13:21:30,752 INFO     ___FILE_ONLY___ ═
2024-09-12 13:21:30,755 INFO     ___FILE_ONLY___ ═
2024-09-12 13:21:30,757 INFO     ___FILE_ONLY___ ═
2024-09-12 13:21:30,760 INFO     ___FILE_ONLY___ ═
2024-09-12 13:21:30,762 INFO     ___FILE_ONLY___ ═
2024-09-12 13:21:30,764 INFO     ___FILE_ONLY___ ═
2024-09-12 13:21:30,767 INFO     ___FILE_ONLY___ ═
2024-09-12 13:21:30,769 INFO     ___FILE_ONLY___ ═
2024-09-12 13:21:30,771 INFO     ___FILE_ONLY___ ═
2024-09-12 13:21:30,774 INFO     ___FILE_ONLY___ ═
2024-09-12 13:21:30,776 INFO     ___FILE_ONLY___ ═
2024-09-12 13:21:30,778 INFO     ___FILE_ONLY___ ═
2024-09-12 13:21:30,781 INFO     ___FILE_ONLY___ ═
2024-09-12 13:21:30,783 INFO     ___FILE_ONLY___ ═
2024-09-12 13:21:30,786 INFO     ___FILE_ONLY___ ═
2024-09-12 13:21:30,786 INFO     ___FILE_ONLY___ ╝

2024-09-12 13:21:30,803 INFO     ___FILE_ONLY___ ╔════════════════════════════════════════════════════════════╗

2024-09-12 13:21:30,803 INFO     ___FILE_ONLY___ ╠═ Installing: BigQuery Command Line Tool (Platform Spec... ═╣

2024-09-12 13:21:30,803 INFO     ___FILE_ONLY___ ╚
2024-09-12 13:21:30,804 INFO     ___FILE_ONLY___ ════════════════════════════════════════════════════════════
2024-09-12 13:21:30,804 INFO     ___FILE_ONLY___ ╝

2024-09-12 13:21:30,812 INFO     ___FILE_ONLY___ ╔════════════════════════════════════════════════════════════╗

2024-09-12 13:21:30,812 INFO     ___FILE_ONLY___ ╠═ Installing: Bundled Python 3.11                          ═╣

2024-09-12 13:21:30,812 INFO     ___FILE_ONLY___ ╚
2024-09-12 13:21:30,818 INFO     ___FILE_ONLY___ ════════════════════════════════════════════════════════════
2024-09-12 13:21:30,818 INFO     ___FILE_ONLY___ ╝

2024-09-12 13:21:30,820 INFO     ___FILE_ONLY___ ╔════════════════════════════════════════════════════════════╗

2024-09-12 13:21:30,820 INFO     ___FILE_ONLY___ ╠═ Installing: Bundled Python 3.11 (Platform Specific)      ═╣

2024-09-12 13:21:30,820 INFO     ___FILE_ONLY___ ╚
2024-09-12 13:21:33,167 INFO     ___FILE_ONLY___ ═
2024-09-12 13:21:33,184 INFO     ___FILE_ONLY___ ═
2024-09-12 13:21:33,198 INFO     ___FILE_ONLY___ ═
2024-09-12 13:21:33,213 INFO     ___FILE_ONLY___ ═
2024-09-12 13:21:33,228 INFO     ___FILE_ONLY___ ═
2024-09-12 13:21:33,243 INFO     ___FILE_ONLY___ ═
2024-09-12 13:21:33,257 INFO     ___FILE_ONLY___ ═
2024-09-12 13:21:33,272 INFO     ___FILE_ONLY___ ═
2024-09-12 13:21:33,286 INFO     ___FILE_ONLY___ ═
2024-09-12 13:21:33,301 INFO     ___FILE_ONLY___ ═
2024-09-12 13:21:33,315 INFO     ___FILE_ONLY___ ═
2024-09-12 13:21:33,330 INFO     ___FILE_ONLY___ ═
2024-09-12 13:21:33,346 INFO     ___FILE_ONLY___ ═
2024-09-12 13:21:33,360 INFO     ___FILE_ONLY___ ═
2024-09-12 13:21:33,374 INFO     ___FILE_ONLY___ ═
2024-09-12 13:21:33,387 INFO     ___FILE_ONLY___ ═
2024-09-12 13:21:33,404 INFO     ___FILE_ONLY___ ═
2024-09-12 13:21:33,419 INFO     ___FILE_ONLY___ ═
2024-09-12 13:21:33,434 INFO     ___FILE_ONLY___ ═
2024-09-12 13:21:33,448 INFO     ___FILE_ONLY___ ═
2024-09-12 13:21:33,462 INFO     ___FILE_ONLY___ ═
2024-09-12 13:21:33,477 INFO     ___FILE_ONLY___ ═
2024-09-12 13:21:33,492 INFO     ___FILE_ONLY___ ═
2024-09-12 13:21:33,507 INFO     ___FILE_ONLY___ ═
2024-09-12 13:21:33,521 INFO     ___FILE_ONLY___ ═
2024-09-12 13:21:33,535 INFO     ___FILE_ONLY___ ═
2024-09-12 13:21:33,549 INFO     ___FILE_ONLY___ ═
2024-09-12 13:21:33,564 INFO     ___FILE_ONLY___ ═
2024-09-12 13:21:33,579 INFO     ___FILE_ONLY___ ═
2024-09-12 13:21:33,593 INFO     ___FILE_ONLY___ ═
2024-09-12 13:21:33,608 INFO     ___FILE_ONLY___ ═
2024-09-12 13:21:33,625 INFO     ___FILE_ONLY___ ═
2024-09-12 13:21:33,641 INFO     ___FILE_ONLY___ ═
2024-09-12 13:21:33,659 INFO     ___FILE_ONLY___ ═
2024-09-12 13:21:34,055 INFO     ___FILE_ONLY___ ═
2024-09-12 13:21:34,081 INFO     ___FILE_ONLY___ ═
2024-09-12 13:21:34,100 INFO     ___FILE_ONLY___ ═
2024-09-12 13:21:34,120 INFO     ___FILE_ONLY___ ═
2024-09-12 13:21:34,143 INFO     ___FILE_ONLY___ ═
2024-09-12 13:21:34,175 INFO     ___FILE_ONLY___ ═
2024-09-12 13:21:34,198 INFO     ___FILE_ONLY___ ═
2024-09-12 13:21:34,222 INFO     ___FILE_ONLY___ ═
2024-09-12 13:21:34,370 INFO     ___FILE_ONLY___ ═
2024-09-12 13:21:34,390 INFO     ___FILE_ONLY___ ═
2024-09-12 13:21:34,483 INFO     ___FILE_ONLY___ ═
2024-09-12 13:21:34,505 INFO     ___FILE_ONLY___ ═
2024-09-12 13:21:34,527 INFO     ___FILE_ONLY___ ═
2024-09-12 13:21:34,550 INFO     ___FILE_ONLY___ ═
2024-09-12 13:21:34,571 INFO     ___FILE_ONLY___ ═
2024-09-12 13:21:34,596 INFO     ___FILE_ONLY___ ═
2024-09-12 13:21:34,623 INFO     ___FILE_ONLY___ ═
2024-09-12 13:21:34,670 INFO     ___FILE_ONLY___ ═
2024-09-12 13:21:34,692 INFO     ___FILE_ONLY___ ═
2024-09-12 13:21:34,711 INFO     ___FILE_ONLY___ ═
2024-09-12 13:21:34,733 INFO     ___FILE_ONLY___ ═
2024-09-12 13:21:34,760 INFO     ___FILE_ONLY___ ═
2024-09-12 13:21:34,791 INFO     ___FILE_ONLY___ ═
2024-09-12 13:21:35,950 INFO     ___FILE_ONLY___ ═
2024-09-12 13:21:35,967 INFO     ___FILE_ONLY___ ═
2024-09-12 13:21:35,985 INFO     ___FILE_ONLY___ ═
2024-09-12 13:21:35,985 INFO     ___FILE_ONLY___ ╝

2024-09-12 13:21:36,099 INFO     ___FILE_ONLY___ ╔════════════════════════════════════════════════════════════╗

2024-09-12 13:21:36,099 INFO     ___FILE_ONLY___ ╠═ Installing: Cloud Storage Command Line Tool              ═╣

2024-09-12 13:21:36,099 INFO     ___FILE_ONLY___ ╚
2024-09-12 13:21:36,871 INFO     ___FILE_ONLY___ ═
2024-09-12 13:21:36,884 INFO     ___FILE_ONLY___ ═
2024-09-12 13:21:36,899 INFO     ___FILE_ONLY___ ═
2024-09-12 13:21:36,920 INFO     ___FILE_ONLY___ ═
2024-09-12 13:21:36,937 INFO     ___FILE_ONLY___ ═
2024-09-12 13:21:36,955 INFO     ___FILE_ONLY___ ═
2024-09-12 13:21:36,970 INFO     ___FILE_ONLY___ ═
2024-09-12 13:21:36,996 INFO     ___FILE_ONLY___ ═
2024-09-12 13:21:37,010 INFO     ___FILE_ONLY___ ═
2024-09-12 13:21:37,022 INFO     ___FILE_ONLY___ ═
2024-09-12 13:21:37,035 INFO     ___FILE_ONLY___ ═
2024-09-12 13:21:37,080 INFO     ___FILE_ONLY___ ═
2024-09-12 13:21:37,092 INFO     ___FILE_ONLY___ ═
2024-09-12 13:21:37,106 INFO     ___FILE_ONLY___ ═
2024-09-12 13:21:37,120 INFO     ___FILE_ONLY___ ═
2024-09-12 13:21:37,130 INFO     ___FILE_ONLY___ ═
2024-09-12 13:21:37,141 INFO     ___FILE_ONLY___ ═
2024-09-12 13:21:37,154 INFO     ___FILE_ONLY___ ═
2024-09-12 13:21:37,164 INFO     ___FILE_ONLY___ ═
2024-09-12 13:21:37,177 INFO     ___FILE_ONLY___ ═
2024-09-12 13:21:37,188 INFO     ___FILE_ONLY___ ═
2024-09-12 13:21:37,199 INFO     ___FILE_ONLY___ ═
2024-09-12 13:21:37,210 INFO     ___FILE_ONLY___ ═
2024-09-12 13:21:37,224 INFO     ___FILE_ONLY___ ═
2024-09-12 13:21:37,235 INFO     ___FILE_ONLY___ ═
2024-09-12 13:21:37,249 INFO     ___FILE_ONLY___ ═
2024-09-12 13:21:37,264 INFO     ___FILE_ONLY___ ═
2024-09-12 13:21:37,278 INFO     ___FILE_ONLY___ ═
2024-09-12 13:21:37,297 INFO     ___FILE_ONLY___ ═
2024-09-12 13:21:37,318 INFO     ___FILE_ONLY___ ═
2024-09-12 13:21:37,330 INFO     ___FILE_ONLY___ ═
2024-09-12 13:21:37,344 INFO     ___FILE_ONLY___ ═
2024-09-12 13:21:37,355 INFO     ___FILE_ONLY___ ═
2024-09-12 13:21:37,373 INFO     ___FILE_ONLY___ ═
2024-09-12 13:21:37,385 INFO     ___FILE_ONLY___ ═
2024-09-12 13:21:37,397 INFO     ___FILE_ONLY___ ═
2024-09-12 13:21:37,413 INFO     ___FILE_ONLY___ ═
2024-09-12 13:21:37,430 INFO     ___FILE_ONLY___ ═
2024-09-12 13:21:37,445 INFO     ___FILE_ONLY___ ═
2024-09-12 13:21:37,465 INFO     ___FILE_ONLY___ ═
2024-09-12 13:21:37,480 INFO     ___FILE_ONLY___ ═
2024-09-12 13:21:37,492 INFO     ___FILE_ONLY___ ═
2024-09-12 13:21:37,508 INFO     ___FILE_ONLY___ ═
2024-09-12 13:21:37,524 INFO     ___FILE_ONLY___ ═
2024-09-12 13:21:37,540 INFO     ___FILE_ONLY___ ═
2024-09-12 13:21:37,557 INFO     ___FILE_ONLY___ ═
2024-09-12 13:21:37,574 INFO     ___FILE_ONLY___ ═
2024-09-12 13:21:37,587 INFO     ___FILE_ONLY___ ═
2024-09-12 13:21:37,603 INFO     ___FILE_ONLY___ ═
2024-09-12 13:21:37,617 INFO     ___FILE_ONLY___ ═
2024-09-12 13:21:37,628 INFO     ___FILE_ONLY___ ═
2024-09-12 13:21:37,641 INFO     ___FILE_ONLY___ ═
2024-09-12 13:21:37,653 INFO     ___FILE_ONLY___ ═
2024-09-12 13:21:37,664 INFO     ___FILE_ONLY___ ═
2024-09-12 13:21:37,675 INFO     ___FILE_ONLY___ ═
2024-09-12 13:21:37,686 INFO     ___FILE_ONLY___ ═
2024-09-12 13:21:37,697 INFO     ___FILE_ONLY___ ═
2024-09-12 13:21:37,724 INFO     ___FILE_ONLY___ ═
2024-09-12 13:21:37,742 INFO     ___FILE_ONLY___ ═
2024-09-12 13:21:37,761 INFO     ___FILE_ONLY___ ═
2024-09-12 13:21:37,761 INFO     ___FILE_ONLY___ ╝

2024-09-12 13:21:37,841 INFO     ___FILE_ONLY___ ╔════════════════════════════════════════════════════════════╗

2024-09-12 13:21:37,841 INFO     ___FILE_ONLY___ ╠═ Installing: Cloud Storage Command Line Tool (Platform... ═╣

2024-09-12 13:21:37,841 INFO     ___FILE_ONLY___ ╚
2024-09-12 13:21:37,842 INFO     ___FILE_ONLY___ ════════════════════════════════════════════════════════════
2024-09-12 13:21:37,842 INFO     ___FILE_ONLY___ ╝

2024-09-12 13:21:37,850 INFO     ___FILE_ONLY___ ╔════════════════════════════════════════════════════════════╗

2024-09-12 13:21:37,850 INFO     ___FILE_ONLY___ ╠═ Installing: Default set of gcloud commands               ═╣

2024-09-12 13:21:37,850 INFO     ___FILE_ONLY___ ╚
2024-09-12 13:21:37,856 INFO     ___FILE_ONLY___ ════════════════════════════════════════════════════════════
2024-09-12 13:21:37,856 INFO     ___FILE_ONLY___ ╝

2024-09-12 13:21:37,858 INFO     ___FILE_ONLY___ ╔════════════════════════════════════════════════════════════╗

2024-09-12 13:21:37,858 INFO     ___FILE_ONLY___ ╠═ Installing: Google Cloud CLI Core Libraries (Platform... ═╣

2024-09-12 13:21:37,859 INFO     ___FILE_ONLY___ ╚
2024-09-12 13:21:37,860 INFO     ___FILE_ONLY___ ══════════════════════════════
2024-09-12 13:21:37,860 INFO     ___FILE_ONLY___ ══════════════════════════════
2024-09-12 13:21:37,860 INFO     ___FILE_ONLY___ ╝

2024-09-12 13:21:37,868 INFO     ___FILE_ONLY___ ╔════════════════════════════════════════════════════════════╗

2024-09-12 13:21:37,868 INFO     ___FILE_ONLY___ ╠═ Installing: Google Cloud CRC32C Hash Tool                ═╣

2024-09-12 13:21:37,868 INFO     ___FILE_ONLY___ ╚
2024-09-12 13:21:37,874 INFO     ___FILE_ONLY___ ════════════════════════════════════════════════════════════
2024-09-12 13:21:37,874 INFO     ___FILE_ONLY___ ╝

2024-09-12 13:21:37,876 INFO     ___FILE_ONLY___ ╔════════════════════════════════════════════════════════════╗

2024-09-12 13:21:37,876 INFO     ___FILE_ONLY___ ╠═ Installing: Google Cloud CRC32C Hash Tool (Platform S... ═╣

2024-09-12 13:21:37,876 INFO     ___FILE_ONLY___ ╚
2024-09-12 13:21:37,914 INFO     ___FILE_ONLY___ ══════════════════════════════
2024-09-12 13:21:37,914 INFO     ___FILE_ONLY___ ══════════════════════════════
2024-09-12 13:21:37,915 INFO     ___FILE_ONLY___ ╝

2024-09-12 13:21:37,923 INFO     ___FILE_ONLY___ ╔════════════════════════════════════════════════════════════╗

2024-09-12 13:21:37,923 INFO     ___FILE_ONLY___ ╠═ Installing: gcloud cli dependencies (Platform Specific)  ═╣

2024-09-12 13:21:37,923 INFO     ___FILE_ONLY___ ╚
2024-09-12 13:21:37,924 INFO     ___FILE_ONLY___ ════════════════════════════════════════════════════════════
2024-09-12 13:21:37,924 INFO     ___FILE_ONLY___ ╝

2024-09-12 13:21:37,934 DEBUG    root            Updating notification cache...
2024-09-12 13:21:37,934 INFO     ___FILE_ONLY___ 

2024-09-12 13:21:37,936 INFO     ___FILE_ONLY___ Performing post processing steps...
2024-09-12 13:21:37,937 DEBUG    root            Executing command: ['/tools/google-cloud-sdk/bin/gcloud', 'components', 'post-process']
2024-09-12 13:21:49,662 DEBUG    ___FILE_ONLY___ 
2024-09-12 13:21:49,662 DEBUG    ___FILE_ONLY___ 
2024-09-12 13:21:49,716 INFO     ___FILE_ONLY___ 
Update done!


2024-09-12 13:21:49,720 DEBUG    root            Chosen display Format:none
2024-09-12 13:21:49,720 INFO     root            Display format: "none"
