2024-09-12 13:21:50,366 DEBUG    root            Loaded Command Group: ['gcloud', 'components']
2024-09-12 13:21:50,369 DEBUG    root            Loaded Command Group: ['gcloud', 'components', 'update']
2024-09-12 13:21:50,371 DEBUG    root            Running [gcloud.components.update] with arguments: [--quiet: "True", COMPONENT-IDS:8: "['gcloud', 'core', 'bq', 'gsutil', 'compute', 'preview', 'alpha', 'beta']"]
2024-09-12 13:21:50,373 INFO     ___FILE_ONLY___ Beginning update. This process may take several minutes.

2024-09-12 13:21:50,383 DEBUG    urllib3.connectionpool Starting new HTTPS connection (1): dl.google.com:443
2024-09-12 13:21:50,462 DEBUG    urllib3.connectionpool https://dl.google.com:443 "GET /dl/cloudsdk/channels/rapid/components-2.json HTTP/1.1" 200 227002
2024-09-12 13:21:50,484 WARNING  root            Component [compute] no longer exists.
2024-09-12 13:21:50,484 WARNING  root            Component [preview] no longer exists.
2024-09-12 13:21:50,485 INFO     ___FILE_ONLY___ 

2024-09-12 13:21:50,485 INFO     ___FILE_ONLY___ 
Your current Google Cloud CLI version is: 492.0.0

2024-09-12 13:21:50,486 INFO     ___FILE_ONLY___ Installing components from version: 492.0.0

2024-09-12 13:21:50,486 INFO     ___FILE_ONLY___ 

2024-09-12 13:21:50,486 DEBUG    root            Chosen display Format:table[box,title="These components will be removed."](details.display_name:label=Name:align=left,version.version_string:label=Version:align=right,data.size.size(zero="",min=1048576):label=Size:align=right)
2024-09-12 13:21:50,487 DEBUG    root            Chosen display Format:table[box,title="These components will be updated."](details.display_name:label=Name:align=left,version.version_string:label=Version:align=right,data.size.size(zero="",min=1048576):label=Size:align=right)
2024-09-12 13:21:50,487 DEBUG    root            Chosen display Format:table[box,title="These components will be installed."](details.display_name:label=Name:align=left,version.version_string:label=Version:align=right,data.size.size(zero="",min=1048576):label=Size:align=right)
2024-09-12 13:21:50,507 INFO     ___FILE_ONLY___ ┌──────────────────────────────────────────────┐
2024-09-12 13:21:50,507 INFO     ___FILE_ONLY___ 

2024-09-12 13:21:50,507 INFO     ___FILE_ONLY___ │     These components will be installed.      │
2024-09-12 13:21:50,507 INFO     ___FILE_ONLY___ 

2024-09-12 13:21:50,507 INFO     ___FILE_ONLY___ ├───────────────────────┬────────────┬─────────┤
2024-09-12 13:21:50,508 INFO     ___FILE_ONLY___ 

2024-09-12 13:21:50,508 INFO     ___FILE_ONLY___ │          Name         │  Version   │   Size  │
2024-09-12 13:21:50,508 INFO     ___FILE_ONLY___ 

2024-09-12 13:21:50,508 INFO     ___FILE_ONLY___ ├───────────────────────┼────────────┼─────────┤
2024-09-12 13:21:50,508 INFO     ___FILE_ONLY___ 

2024-09-12 13:21:50,508 INFO     ___FILE_ONLY___ │ 
2024-09-12 13:21:50,508 INFO     ___FILE_ONLY___ gcloud Alpha Commands
2024-09-12 13:21:50,508 INFO     ___FILE_ONLY___  
2024-09-12 13:21:50,508 INFO     ___FILE_ONLY___ │ 
2024-09-12 13:21:50,508 INFO     ___FILE_ONLY___ 2024.09.06
2024-09-12 13:21:50,508 INFO     ___FILE_ONLY___  
2024-09-12 13:21:50,508 INFO     ___FILE_ONLY___ │ 
2024-09-12 13:21:50,508 INFO     ___FILE_ONLY___ < 1 MiB
2024-09-12 13:21:50,508 INFO     ___FILE_ONLY___  
2024-09-12 13:21:50,509 INFO     ___FILE_ONLY___ │
2024-09-12 13:21:50,509 INFO     ___FILE_ONLY___ 

2024-09-12 13:21:50,509 INFO     ___FILE_ONLY___ │ 
2024-09-12 13:21:50,509 INFO     ___FILE_ONLY___ gcloud Beta Commands 
2024-09-12 13:21:50,509 INFO     ___FILE_ONLY___  
2024-09-12 13:21:50,509 INFO     ___FILE_ONLY___ │ 
2024-09-12 13:21:50,509 INFO     ___FILE_ONLY___ 2024.09.06
2024-09-12 13:21:50,509 INFO     ___FILE_ONLY___  
2024-09-12 13:21:50,509 INFO     ___FILE_ONLY___ │ 
2024-09-12 13:21:50,509 INFO     ___FILE_ONLY___ < 1 MiB
2024-09-12 13:21:50,509 INFO     ___FILE_ONLY___  
2024-09-12 13:21:50,509 INFO     ___FILE_ONLY___ │
2024-09-12 13:21:50,509 INFO     ___FILE_ONLY___ 

2024-09-12 13:21:50,509 INFO     ___FILE_ONLY___ └───────────────────────┴────────────┴─────────┘
2024-09-12 13:21:50,510 INFO     ___FILE_ONLY___ 

2024-09-12 13:21:50,510 INFO     ___FILE_ONLY___ 

2024-09-12 13:21:50,513 DEBUG    urllib3.connectionpool Starting new HTTPS connection (1): dl.google.com:443
2024-09-12 13:21:50,670 DEBUG    urllib3.connectionpool https://dl.google.com:443 "GET /dl/cloudsdk/channels/rapid/RELEASE_NOTES HTTP/1.1" 200 1268805
2024-09-12 13:21:50,809 INFO     ___FILE_ONLY___ For the latest full release notes, please visit:
  https://cloud.google.com/sdk/release_notes


2024-09-12 13:21:50,810 INFO     ___FILE_ONLY___ Performing in place update...


2024-09-12 13:21:50,812 INFO     ___FILE_ONLY___ ╔════════════════════════════════════════════════════════════╗

2024-09-12 13:21:50,812 INFO     ___FILE_ONLY___ ╠═ Downloading: gcloud Alpha Commands                       ═╣

2024-09-12 13:21:50,812 INFO     ___FILE_ONLY___ ╚
2024-09-12 13:21:50,816 DEBUG    urllib3.connectionpool Starting new HTTPS connection (1): dl.google.com:443
2024-09-12 13:21:50,893 DEBUG    urllib3.connectionpool https://dl.google.com:443 "GET /dl/cloudsdk/channels/rapid/components/google-cloud-sdk-alpha-20240906153039.tar.gz HTTP/1.1" 200 800
2024-09-12 13:21:50,894 INFO     ___FILE_ONLY___ ════════════════════════════════════════════════════════════
2024-09-12 13:21:50,894 INFO     ___FILE_ONLY___ ╝

2024-09-12 13:21:50,896 INFO     ___FILE_ONLY___ ╔════════════════════════════════════════════════════════════╗

2024-09-12 13:21:50,897 INFO     ___FILE_ONLY___ ╠═ Downloading: gcloud Beta Commands                        ═╣

2024-09-12 13:21:50,897 INFO     ___FILE_ONLY___ ╚
2024-09-12 13:21:50,900 DEBUG    urllib3.connectionpool Starting new HTTPS connection (1): dl.google.com:443
2024-09-12 13:21:50,971 DEBUG    urllib3.connectionpool https://dl.google.com:443 "GET /dl/cloudsdk/channels/rapid/components/google-cloud-sdk-beta-20240906153039.tar.gz HTTP/1.1" 200 797
2024-09-12 13:21:50,972 INFO     ___FILE_ONLY___ ════════════════════════════════════════════════════════════
2024-09-12 13:21:50,972 INFO     ___FILE_ONLY___ ╝

2024-09-12 13:21:50,974 INFO     ___FILE_ONLY___ ╔════════════════════════════════════════════════════════════╗

2024-09-12 13:21:50,974 INFO     ___FILE_ONLY___ ╠═ Installing: gcloud Alpha Commands                        ═╣

2024-09-12 13:21:50,974 INFO     ___FILE_ONLY___ ╚
2024-09-12 13:21:50,976 INFO     ___FILE_ONLY___ ════════════════════════════════════════════════════════════
2024-09-12 13:21:50,976 INFO     ___FILE_ONLY___ ╝

2024-09-12 13:21:50,986 INFO     ___FILE_ONLY___ ╔════════════════════════════════════════════════════════════╗

2024-09-12 13:21:50,986 INFO     ___FILE_ONLY___ ╠═ Installing: gcloud Beta Commands                         ═╣

2024-09-12 13:21:50,986 INFO     ___FILE_ONLY___ ╚
2024-09-12 13:21:50,987 INFO     ___FILE_ONLY___ ════════════════════════════════════════════════════════════
2024-09-12 13:21:50,987 INFO     ___FILE_ONLY___ ╝

2024-09-12 13:21:50,997 DEBUG    root            Updating notification cache...
2024-09-12 13:21:50,998 INFO     ___FILE_ONLY___ 

2024-09-12 13:21:51,000 INFO     ___FILE_ONLY___ Performing post processing steps...
2024-09-12 13:21:51,000 DEBUG    root            Executing command: ['/tools/google-cloud-sdk/bin/gcloud', 'components', 'post-process']
2024-09-12 13:22:02,526 DEBUG    ___FILE_ONLY___ 
2024-09-12 13:22:02,526 DEBUG    ___FILE_ONLY___ 
2024-09-12 13:22:02,774 INFO     ___FILE_ONLY___ 
Update done!


2024-09-12 13:22:02,778 DEBUG    root            Chosen display Format:none
2024-09-12 13:22:02,778 INFO     root            Display format: "none"
